<?xml version="1.0" encoding="UTF-8"?>
<testsuite name="com.jojoldu.book.springboot.web.IndexControllerTest" tests="1" skipped="0" failures="0" errors="0" timestamp="2022-03-03T05:54:18" hostname="DESKTOP-6KE3LPM" time="0.215">
  <properties/>
  <testcase name="메인페이지_로딩" classname="com.jojoldu.book.springboot.web.IndexControllerTest" time="0.215"/>
  <system-out><![CDATA[2022-03-03 14:54:15.378  INFO 16340 --- [    Test worker] .b.t.c.SpringBootTestContextBootstrapper : Neither @ContextConfiguration nor @ContextHierarchy found for test class [com.jojoldu.book.springboot.web.IndexControllerTest], using SpringBootContextLoader
2022-03-03 14:54:15.380  INFO 16340 --- [    Test worker] o.s.t.c.support.AbstractContextLoader    : Could not detect default resource locations for test class [com.jojoldu.book.springboot.web.IndexControllerTest]: no resource found for suffixes {-context.xml, Context.groovy}.
2022-03-03 14:54:15.380  INFO 16340 --- [    Test worker] t.c.s.AnnotationConfigContextLoaderUtils : Could not detect default configuration classes for test class [com.jojoldu.book.springboot.web.IndexControllerTest]: IndexControllerTest does not declare any static, non-private, non-final, nested classes annotated with @Configuration.
2022-03-03 14:54:15.383  INFO 16340 --- [    Test worker] .b.t.c.SpringBootTestContextBootstrapper : Found @SpringBootConfiguration com.jojoldu.book.springboot.Application for test class com.jojoldu.book.springboot.web.IndexControllerTest
2022-03-03 14:54:15.385  INFO 16340 --- [    Test worker] .b.t.c.SpringBootTestContextBootstrapper : Loaded default TestExecutionListener class names from location [META-INF/spring.factories]: [org.springframework.security.test.context.support.WithSecurityContextTestExecutionListener, org.springframework.security.test.context.support.ReactorContextTestExecutionListener, org.springframework.boot.test.autoconfigure.restdocs.RestDocsTestExecutionListener, org.springframework.boot.test.autoconfigure.web.client.MockRestServiceServerResetTestExecutionListener, org.springframework.boot.test.autoconfigure.web.servlet.MockMvcPrintOnlyOnFailureTestExecutionListener, org.springframework.boot.test.autoconfigure.web.servlet.WebDriverTestExecutionListener, org.springframework.boot.test.mock.mockito.MockitoTestExecutionListener, org.springframework.boot.test.mock.mockito.ResetMocksTestExecutionListener, org.springframework.test.context.web.ServletTestExecutionListener, org.springframework.test.context.support.DirtiesContextBeforeModesTestExecutionListener, org.springframework.test.context.support.DependencyInjectionTestExecutionListener, org.springframework.test.context.support.DirtiesContextTestExecutionListener, org.springframework.test.context.transaction.TransactionalTestExecutionListener, org.springframework.test.context.jdbc.SqlScriptsTestExecutionListener]
2022-03-03 14:54:15.387  INFO 16340 --- [    Test worker] .b.t.c.SpringBootTestContextBootstrapper : Using TestExecutionListeners: [org.springframework.test.context.web.ServletTestExecutionListener@640a1c00, org.springframework.test.context.support.DirtiesContextBeforeModesTestExecutionListener@20082262, org.springframework.boot.test.mock.mockito.MockitoTestExecutionListener@6b3064b3, org.springframework.boot.test.autoconfigure.SpringBootDependencyInjectionTestExecutionListener@411196e4, org.springframework.test.context.support.DirtiesContextTestExecutionListener@754f78da, org.springframework.test.context.transaction.TransactionalTestExecutionListener@14355f23, org.springframework.test.context.jdbc.SqlScriptsTestExecutionListener@7cc8b4ea, org.springframework.security.test.context.support.WithSecurityContextTestExecutionListener@3123bb21, org.springframework.security.test.context.support.ReactorContextTestExecutionListener@3fa48c77, org.springframework.boot.test.autoconfigure.restdocs.RestDocsTestExecutionListener@1d610e7, org.springframework.boot.test.autoconfigure.web.client.MockRestServiceServerResetTestExecutionListener@38009bd3, org.springframework.boot.test.autoconfigure.web.servlet.MockMvcPrintOnlyOnFailureTestExecutionListener@1456c541, org.springframework.boot.test.autoconfigure.web.servlet.WebDriverTestExecutionListener@f0a3488, org.springframework.boot.test.mock.mockito.ResetMocksTestExecutionListener@3eea5ca6]

  .   ____          _            __ _ _
 /\\ / ___'_ __ _ _(_)_ __  __ _ \ \ \ \
( ( )\___ | '_ | '_| | '_ \/ _` | \ \ \ \
 \\/  ___)| |_)| | | | | || (_| |  ) ) ) )
  '  |____| .__|_| |_|_| |_\__, | / / / /
 =========|_|==============|___/=/_/_/_/
 :: Spring Boot ::        (v2.1.7.RELEASE)

2022-03-03 14:54:15.427  INFO 16340 --- [    Test worker] c.j.b.s.web.IndexControllerTest          : Starting IndexControllerTest on DESKTOP-6KE3LPM with PID 16340 (started by ahndj in C:\intelij\freelec-springboot2-webservice)
2022-03-03 14:54:15.428  INFO 16340 --- [    Test worker] c.j.b.s.web.IndexControllerTest          : No active profile set, falling back to default profiles: default
2022-03-03 14:54:15.706  INFO 16340 --- [    Test worker] .s.d.r.c.RepositoryConfigurationDelegate : Bootstrapping Spring Data repositories in DEFAULT mode.
2022-03-03 14:54:15.734  INFO 16340 --- [    Test worker] .s.d.r.c.RepositoryConfigurationDelegate : Finished Spring Data repository scanning in 27ms. Found 2 repository interfaces.
2022-03-03 14:54:15.862  INFO 16340 --- [    Test worker] trationDelegate$BeanPostProcessorChecker : Bean 'org.springframework.transaction.annotation.ProxyTransactionManagementConfiguration' of type [org.springframework.transaction.annotation.ProxyTransactionManagementConfiguration$$EnhancerBySpringCGLIB$$cc228628] is not eligible for getting processed by all BeanPostProcessors (for example: not eligible for auto-proxying)
2022-03-03 14:54:16.181  INFO 16340 --- [    Test worker] o.s.b.w.embedded.tomcat.TomcatWebServer  : Tomcat initialized with port(s): 0 (http)
2022-03-03 14:54:16.224  INFO 16340 --- [    Test worker] o.apache.catalina.core.StandardService   : Starting service [Tomcat]
2022-03-03 14:54:16.224  INFO 16340 --- [    Test worker] org.apache.catalina.core.StandardEngine  : Starting Servlet engine: [Apache Tomcat/9.0.22]
2022-03-03 14:54:16.418  INFO 16340 --- [    Test worker] o.a.c.c.C.[Tomcat].[localhost].[/]       : Initializing Spring embedded WebApplicationContext
2022-03-03 14:54:16.418  INFO 16340 --- [    Test worker] o.s.web.context.ContextLoader            : Root WebApplicationContext: initialization completed in 987 ms
2022-03-03 14:54:16.662  INFO 16340 --- [    Test worker] com.zaxxer.hikari.HikariDataSource       : HikariPool-2 - Starting...
2022-03-03 14:54:16.663  INFO 16340 --- [    Test worker] com.zaxxer.hikari.HikariDataSource       : HikariPool-2 - Start completed.
2022-03-03 14:54:16.723  INFO 16340 --- [    Test worker] o.hibernate.jpa.internal.util.LogHelper  : HHH000204: Processing PersistenceUnitInfo [
	name: default
	...]
2022-03-03 14:54:16.740  INFO 16340 --- [    Test worker] org.hibernate.dialect.Dialect            : HHH000400: Using dialect: org.hibernate.dialect.MySQL5InnoDBDialect
Hibernate: drop table if exists posts
Hibernate: drop table if exists user
Hibernate: create table posts (id bigint not null auto_increment, created_date datetime, modified_date datetime, author varchar(255), content TEXT not null, title varchar(500) not null, primary key (id)) engine=InnoDB
Hibernate: create table user (id bigint not null auto_increment, created_date datetime, modified_date datetime, email varchar(255) not null, name varchar(255) not null, picture varchar(255), role varchar(255) not null, primary key (id)) engine=InnoDB
2022-03-03 14:54:16.825  INFO 16340 --- [    Test worker] o.h.t.schema.internal.SchemaCreatorImpl  : HHH000476: Executing import script 'org.hibernate.tool.schema.internal.exec.ScriptSourceInputNonExistentImpl@40cf0096'
2022-03-03 14:54:16.825  INFO 16340 --- [    Test worker] j.LocalContainerEntityManagerFactoryBean : Initialized JPA EntityManagerFactory for persistence unit 'default'
2022-03-03 14:54:17.276  INFO 16340 --- [    Test worker] o.h.h.i.QueryTranslatorFactoryInitiator  : HHH000397: Using ASTQueryTranslatorFactory
2022-03-03 14:54:17.477  INFO 16340 --- [    Test worker] o.s.s.web.DefaultSecurityFilterChain     : Creating filter chain: any request, [org.springframework.security.web.context.request.async.WebAsyncManagerIntegrationFilter@17b77041, org.springframework.security.web.context.SecurityContextPersistenceFilter@5944dc20, org.springframework.security.web.header.HeaderWriterFilter@43bfd1c3, org.springframework.security.web.authentication.logout.LogoutFilter@1c8ae218, org.springframework.security.oauth2.client.web.OAuth2AuthorizationRequestRedirectFilter@3d6c5038, org.springframework.security.oauth2.client.web.OAuth2LoginAuthenticationFilter@2c5e6ebf, org.springframework.security.web.authentication.ui.DefaultLoginPageGeneratingFilter@6350978e, org.springframework.security.web.authentication.ui.DefaultLogoutPageGeneratingFilter@1214181b, org.springframework.security.web.savedrequest.RequestCacheAwareFilter@2a9cc55, org.springframework.security.web.servletapi.SecurityContextHolderAwareRequestFilter@3f25240a, org.springframework.security.web.authentication.AnonymousAuthenticationFilter@4da677f1, org.springframework.security.web.session.SessionManagementFilter@6f8675fd, org.springframework.security.web.access.ExceptionTranslationFilter@365dad70, org.springframework.security.web.access.intercept.FilterSecurityInterceptor@2f455c70]
2022-03-03 14:54:17.726  INFO 16340 --- [    Test worker] o.s.s.concurrent.ThreadPoolTaskExecutor  : Initializing ExecutorService 'applicationTaskExecutor'
2022-03-03 14:54:17.744  WARN 16340 --- [    Test worker] aWebConfiguration$JpaWebMvcConfiguration : spring.jpa.open-in-view is enabled by default. Therefore, database queries may be performed during view rendering. Explicitly configure spring.jpa.open-in-view to disable this warning
2022-03-03 14:54:17.780  INFO 16340 --- [    Test worker] o.s.b.a.w.s.WelcomePageHandlerMapping    : Adding welcome page template: index
2022-03-03 14:54:18.128  INFO 16340 --- [    Test worker] s.a.ScheduledAnnotationBeanPostProcessor : No TaskScheduler/ScheduledExecutorService bean found for scheduled processing
2022-03-03 14:54:18.154  INFO 16340 --- [    Test worker] o.s.b.w.embedded.tomcat.TomcatWebServer  : Tomcat started on port(s): 52740 (http) with context path ''
2022-03-03 14:54:18.155  INFO 16340 --- [    Test worker] c.j.b.s.web.IndexControllerTest          : Started IndexControllerTest in 2.766 seconds (JVM running for 14.319)
2022-03-03 14:54:18.254  INFO 16340 --- [o-auto-1-exec-1] o.a.c.c.C.[Tomcat].[localhost].[/]       : Initializing Spring DispatcherServlet 'dispatcherServlet'
2022-03-03 14:54:18.254  INFO 16340 --- [o-auto-1-exec-1] o.s.web.servlet.DispatcherServlet        : Initializing Servlet 'dispatcherServlet'
2022-03-03 14:54:18.281  INFO 16340 --- [o-auto-1-exec-1] o.s.web.servlet.DispatcherServlet        : Completed initialization in 27 ms
Hibernate: select posts0_.id as id1_0_, posts0_.created_date as created_2_0_, posts0_.modified_date as modified3_0_, posts0_.author as author4_0_, posts0_.content as content5_0_, posts0_.title as title6_0_ from posts posts0_ order by posts0_.id DESC
]]></system-out>
  <system-err><![CDATA[]]></system-err>
</testsuite>
