<?xml version="1.0" encoding="UTF-8"?>
<testsuite name="com.jojoldu.book.springboot.web.HelloControllerTest" tests="2" skipped="0" failures="0" errors="0" timestamp="2022-03-10T01:46:17" hostname="DESKTOP-6KE3LPM" time="0.181">
  <properties/>
  <testcase name="hello가_리턴된다" classname="com.jojoldu.book.springboot.web.HelloControllerTest" time="0.08"/>
  <testcase name="helloDto가_리턴된다" classname="com.jojoldu.book.springboot.web.HelloControllerTest" time="0.1"/>
  <system-out><![CDATA[2022-03-10 10:46:16.302  INFO 18368 --- [    Test worker] .b.t.a.w.s.WebMvcTestContextBootstrapper : Neither @ContextConfiguration nor @ContextHierarchy found for test class [com.jojoldu.book.springboot.web.HelloControllerTest], using SpringBootContextLoader
2022-03-10 10:46:16.303  INFO 18368 --- [    Test worker] o.s.t.c.support.AbstractContextLoader    : Could not detect default resource locations for test class [com.jojoldu.book.springboot.web.HelloControllerTest]: no resource found for suffixes {-context.xml, Context.groovy}.
2022-03-10 10:46:16.304  INFO 18368 --- [    Test worker] t.c.s.AnnotationConfigContextLoaderUtils : Could not detect default configuration classes for test class [com.jojoldu.book.springboot.web.HelloControllerTest]: HelloControllerTest does not declare any static, non-private, non-final, nested classes annotated with @Configuration.
2022-03-10 10:46:16.338  INFO 18368 --- [    Test worker] .b.t.c.SpringBootTestContextBootstrapper : Found @SpringBootConfiguration com.jojoldu.book.springboot.Application for test class com.jojoldu.book.springboot.web.HelloControllerTest
2022-03-10 10:46:16.338  INFO 18368 --- [    Test worker] .b.t.a.w.s.WebMvcTestContextBootstrapper : Loaded default TestExecutionListener class names from location [META-INF/spring.factories]: [org.springframework.security.test.context.support.WithSecurityContextTestExecutionListener, org.springframework.security.test.context.support.ReactorContextTestExecutionListener, org.springframework.boot.test.autoconfigure.restdocs.RestDocsTestExecutionListener, org.springframework.boot.test.autoconfigure.web.client.MockRestServiceServerResetTestExecutionListener, org.springframework.boot.test.autoconfigure.web.servlet.MockMvcPrintOnlyOnFailureTestExecutionListener, org.springframework.boot.test.autoconfigure.web.servlet.WebDriverTestExecutionListener, org.springframework.boot.test.mock.mockito.MockitoTestExecutionListener, org.springframework.boot.test.mock.mockito.ResetMocksTestExecutionListener, org.springframework.test.context.web.ServletTestExecutionListener, org.springframework.test.context.support.DirtiesContextBeforeModesTestExecutionListener, org.springframework.test.context.support.DependencyInjectionTestExecutionListener, org.springframework.test.context.support.DirtiesContextTestExecutionListener, org.springframework.test.context.transaction.TransactionalTestExecutionListener, org.springframework.test.context.jdbc.SqlScriptsTestExecutionListener]
2022-03-10 10:46:16.341  INFO 18368 --- [    Test worker] .b.t.a.w.s.WebMvcTestContextBootstrapper : Using TestExecutionListeners: [org.springframework.test.context.web.ServletTestExecutionListener@1ad8da43, org.springframework.test.context.support.DirtiesContextBeforeModesTestExecutionListener@cfe74f9, org.springframework.boot.test.mock.mockito.MockitoTestExecutionListener@14b859b5, org.springframework.boot.test.autoconfigure.SpringBootDependencyInjectionTestExecutionListener@37cbda4b, org.springframework.test.context.support.DirtiesContextTestExecutionListener@6b9d1433, org.springframework.test.context.transaction.TransactionalTestExecutionListener@143bfc05, org.springframework.test.context.jdbc.SqlScriptsTestExecutionListener@42986ac6, org.springframework.security.test.context.support.WithSecurityContextTestExecutionListener@2be8f95c, org.springframework.security.test.context.support.ReactorContextTestExecutionListener@28574c9e, org.springframework.boot.test.autoconfigure.restdocs.RestDocsTestExecutionListener@63c75645, org.springframework.boot.test.autoconfigure.web.client.MockRestServiceServerResetTestExecutionListener@6288dea1, org.springframework.boot.test.autoconfigure.web.servlet.MockMvcPrintOnlyOnFailureTestExecutionListener@ec6e9b5, org.springframework.boot.test.autoconfigure.web.servlet.WebDriverTestExecutionListener@1ce7674f, org.springframework.boot.test.mock.mockito.ResetMocksTestExecutionListener@454b6fe8]

  .   ____          _            __ _ _
 /\\ / ___'_ __ _ _(_)_ __  __ _ \ \ \ \
( ( )\___ | '_ | '_| | '_ \/ _` | \ \ \ \
 \\/  ___)| |_)| | | | | || (_| |  ) ) ) )
  '  |____| .__|_| |_|_| |_\__, | / / / /
 =========|_|==============|___/=/_/_/_/
 :: Spring Boot ::        (v2.1.7.RELEASE)

2022-03-10 10:46:16.378  INFO 18368 --- [    Test worker] c.j.b.s.web.HelloControllerTest          : Starting HelloControllerTest on DESKTOP-6KE3LPM with PID 18368 (started by ahndj in C:\intelij\freelec-springboot2-webservice)
2022-03-10 10:46:16.380  INFO 18368 --- [    Test worker] c.j.b.s.web.HelloControllerTest          : No active profile set, falling back to default profiles: default
2022-03-10 10:46:16.842  INFO 18368 --- [    Test worker] o.s.s.concurrent.ThreadPoolTaskExecutor  : Initializing ExecutorService 'applicationTaskExecutor'
2022-03-10 10:46:16.872  INFO 18368 --- [    Test worker] o.s.b.a.w.s.WelcomePageHandlerMapping    : Adding welcome page template: index
2022-03-10 10:46:17.095  INFO 18368 --- [    Test worker] .s.s.UserDetailsServiceAutoConfiguration : 

Using generated security password: 6037dc9f-7590-4761-817b-0da5edeb9e49

2022-03-10 10:46:17.229  INFO 18368 --- [    Test worker] o.s.s.web.DefaultSecurityFilterChain     : Creating filter chain: any request, [org.springframework.security.web.context.request.async.WebAsyncManagerIntegrationFilter@2de04c69, org.springframework.security.web.context.SecurityContextPersistenceFilter@3f61e4e1, org.springframework.security.web.header.HeaderWriterFilter@718b03fe, org.springframework.security.web.csrf.CsrfFilter@590a9165, org.springframework.security.web.authentication.logout.LogoutFilter@21f9926c, org.springframework.security.web.authentication.UsernamePasswordAuthenticationFilter@38f4265c, org.springframework.security.web.authentication.ui.DefaultLoginPageGeneratingFilter@53f7b76a, org.springframework.security.web.authentication.ui.DefaultLogoutPageGeneratingFilter@24d4192e, org.springframework.security.web.authentication.www.BasicAuthenticationFilter@1a0e5d76, org.springframework.security.web.savedrequest.RequestCacheAwareFilter@3fa0d7ee, org.springframework.security.web.servletapi.SecurityContextHolderAwareRequestFilter@161da717, org.springframework.security.web.authentication.AnonymousAuthenticationFilter@4c59052f, org.springframework.security.web.session.SessionManagementFilter@7c073513, org.springframework.security.web.access.ExceptionTranslationFilter@4e69d506, org.springframework.security.web.access.intercept.FilterSecurityInterceptor@2e574b95]
2022-03-10 10:46:17.268  INFO 18368 --- [    Test worker] o.s.b.t.m.w.SpringBootMockServletContext : Initializing Spring TestDispatcherServlet ''
2022-03-10 10:46:17.268  INFO 18368 --- [    Test worker] o.s.t.web.servlet.TestDispatcherServlet  : Initializing Servlet ''
2022-03-10 10:46:17.285  INFO 18368 --- [    Test worker] o.s.t.web.servlet.TestDispatcherServlet  : Completed initialization in 17 ms
2022-03-10 10:46:17.319  INFO 18368 --- [    Test worker] c.j.b.s.web.HelloControllerTest          : Started HelloControllerTest in 0.975 seconds (JVM running for 9.894)
]]></system-out>
  <system-err><![CDATA[]]></system-err>
</testsuite>
