<?xml version="1.0" encoding="UTF-8"?>
<testsuite name="com.jojoldu.book.springboot.web.IndexControllerTest" tests="1" skipped="0" failures="0" errors="0" timestamp="2022-03-04T04:45:28" hostname="DESKTOP-6KE3LPM" time="0.278">
  <properties/>
  <testcase name="메인페이지_로딩" classname="com.jojoldu.book.springboot.web.IndexControllerTest" time="0.278"/>
  <system-out><![CDATA[2022-03-04 13:45:25.620  INFO 9644 --- [    Test worker] .b.t.c.SpringBootTestContextBootstrapper : Neither @ContextConfiguration nor @ContextHierarchy found for test class [com.jojoldu.book.springboot.web.IndexControllerTest], using SpringBootContextLoader
2022-03-04 13:45:25.621  INFO 9644 --- [    Test worker] o.s.t.c.support.AbstractContextLoader    : Could not detect default resource locations for test class [com.jojoldu.book.springboot.web.IndexControllerTest]: no resource found for suffixes {-context.xml, Context.groovy}.
2022-03-04 13:45:25.622  INFO 9644 --- [    Test worker] t.c.s.AnnotationConfigContextLoaderUtils : Could not detect default configuration classes for test class [com.jojoldu.book.springboot.web.IndexControllerTest]: IndexControllerTest does not declare any static, non-private, non-final, nested classes annotated with @Configuration.
2022-03-04 13:45:25.627  INFO 9644 --- [    Test worker] .b.t.c.SpringBootTestContextBootstrapper : Found @SpringBootConfiguration com.jojoldu.book.springboot.Application for test class com.jojoldu.book.springboot.web.IndexControllerTest
2022-03-04 13:45:25.629  INFO 9644 --- [    Test worker] .b.t.c.SpringBootTestContextBootstrapper : Loaded default TestExecutionListener class names from location [META-INF/spring.factories]: [org.springframework.security.test.context.support.WithSecurityContextTestExecutionListener, org.springframework.security.test.context.support.ReactorContextTestExecutionListener, org.springframework.boot.test.autoconfigure.restdocs.RestDocsTestExecutionListener, org.springframework.boot.test.autoconfigure.web.client.MockRestServiceServerResetTestExecutionListener, org.springframework.boot.test.autoconfigure.web.servlet.MockMvcPrintOnlyOnFailureTestExecutionListener, org.springframework.boot.test.autoconfigure.web.servlet.WebDriverTestExecutionListener, org.springframework.boot.test.mock.mockito.MockitoTestExecutionListener, org.springframework.boot.test.mock.mockito.ResetMocksTestExecutionListener, org.springframework.test.context.web.ServletTestExecutionListener, org.springframework.test.context.support.DirtiesContextBeforeModesTestExecutionListener, org.springframework.test.context.support.DependencyInjectionTestExecutionListener, org.springframework.test.context.support.DirtiesContextTestExecutionListener, org.springframework.test.context.transaction.TransactionalTestExecutionListener, org.springframework.test.context.jdbc.SqlScriptsTestExecutionListener]
2022-03-04 13:45:25.633  INFO 9644 --- [    Test worker] .b.t.c.SpringBootTestContextBootstrapper : Using TestExecutionListeners: [org.springframework.test.context.web.ServletTestExecutionListener@2c01ced6, org.springframework.test.context.support.DirtiesContextBeforeModesTestExecutionListener@5eb9fc0d, org.springframework.boot.test.mock.mockito.MockitoTestExecutionListener@365e5ab7, org.springframework.boot.test.autoconfigure.SpringBootDependencyInjectionTestExecutionListener@3d6a06e6, org.springframework.test.context.support.DirtiesContextTestExecutionListener@1f3f18e3, org.springframework.test.context.transaction.TransactionalTestExecutionListener@ef7c69d, org.springframework.test.context.jdbc.SqlScriptsTestExecutionListener@4a38ae16, org.springframework.security.test.context.support.WithSecurityContextTestExecutionListener@2788cc81, org.springframework.security.test.context.support.ReactorContextTestExecutionListener@40172093, org.springframework.boot.test.autoconfigure.restdocs.RestDocsTestExecutionListener@7064d522, org.springframework.boot.test.autoconfigure.web.client.MockRestServiceServerResetTestExecutionListener@7fa38d26, org.springframework.boot.test.autoconfigure.web.servlet.MockMvcPrintOnlyOnFailureTestExecutionListener@1eaeba97, org.springframework.boot.test.autoconfigure.web.servlet.WebDriverTestExecutionListener@67c41269, org.springframework.boot.test.mock.mockito.ResetMocksTestExecutionListener@315f1676]

  .   ____          _            __ _ _
 /\\ / ___'_ __ _ _(_)_ __  __ _ \ \ \ \
( ( )\___ | '_ | '_| | '_ \/ _` | \ \ \ \
 \\/  ___)| |_)| | | | | || (_| |  ) ) ) )
  '  |____| .__|_| |_|_| |_\__, | / / / /
 =========|_|==============|___/=/_/_/_/
 :: Spring Boot ::        (v2.1.7.RELEASE)

2022-03-04 13:45:25.678  INFO 9644 --- [    Test worker] c.j.b.s.web.IndexControllerTest          : Starting IndexControllerTest on DESKTOP-6KE3LPM with PID 9644 (started by ahndj in C:\intelij\freelec-springboot2-webservice)
2022-03-04 13:45:25.678  INFO 9644 --- [    Test worker] c.j.b.s.web.IndexControllerTest          : No active profile set, falling back to default profiles: default
2022-03-04 13:45:25.969  INFO 9644 --- [    Test worker] .s.d.r.c.RepositoryConfigurationDelegate : Bootstrapping Spring Data repositories in DEFAULT mode.
2022-03-04 13:45:25.994  INFO 9644 --- [    Test worker] .s.d.r.c.RepositoryConfigurationDelegate : Finished Spring Data repository scanning in 25ms. Found 2 repository interfaces.
2022-03-04 13:45:26.105  INFO 9644 --- [    Test worker] trationDelegate$BeanPostProcessorChecker : Bean 'org.springframework.transaction.annotation.ProxyTransactionManagementConfiguration' of type [org.springframework.transaction.annotation.ProxyTransactionManagementConfiguration$$EnhancerBySpringCGLIB$$4a7201aa] is not eligible for getting processed by all BeanPostProcessors (for example: not eligible for auto-proxying)
2022-03-04 13:45:26.448  INFO 9644 --- [    Test worker] o.s.b.w.embedded.tomcat.TomcatWebServer  : Tomcat initialized with port(s): 0 (http)
2022-03-04 13:45:26.490  INFO 9644 --- [    Test worker] o.apache.catalina.core.StandardService   : Starting service [Tomcat]
2022-03-04 13:45:26.490  INFO 9644 --- [    Test worker] org.apache.catalina.core.StandardEngine  : Starting Servlet engine: [Apache Tomcat/9.0.22]
2022-03-04 13:45:26.705  INFO 9644 --- [    Test worker] o.a.c.c.C.[Tomcat].[localhost].[/]       : Initializing Spring embedded WebApplicationContext
2022-03-04 13:45:26.706  INFO 9644 --- [    Test worker] o.s.web.context.ContextLoader            : Root WebApplicationContext: initialization completed in 1024 ms
2022-03-04 13:45:26.963  INFO 9644 --- [    Test worker] com.zaxxer.hikari.HikariDataSource       : HikariPool-2 - Starting...
2022-03-04 13:45:26.964  INFO 9644 --- [    Test worker] com.zaxxer.hikari.HikariDataSource       : HikariPool-2 - Start completed.
2022-03-04 13:45:27.009  INFO 9644 --- [    Test worker] o.hibernate.jpa.internal.util.LogHelper  : HHH000204: Processing PersistenceUnitInfo [
	name: default
	...]
2022-03-04 13:45:27.023  INFO 9644 --- [    Test worker] org.hibernate.dialect.Dialect            : HHH000400: Using dialect: org.hibernate.dialect.MySQL5InnoDBDialect
Hibernate: drop table if exists posts
Hibernate: drop table if exists user
Hibernate: create table posts (id bigint not null auto_increment, created_date datetime, modified_date datetime, author varchar(255), content TEXT not null, title varchar(500) not null, primary key (id)) engine=InnoDB
Hibernate: create table user (id bigint not null auto_increment, created_date datetime, modified_date datetime, email varchar(255) not null, name varchar(255) not null, picture varchar(255), role varchar(255) not null, primary key (id)) engine=InnoDB
2022-03-04 13:45:27.094  INFO 9644 --- [    Test worker] o.h.t.schema.internal.SchemaCreatorImpl  : HHH000476: Executing import script 'org.hibernate.tool.schema.internal.exec.ScriptSourceInputNonExistentImpl@297d4364'
2022-03-04 13:45:27.094  INFO 9644 --- [    Test worker] j.LocalContainerEntityManagerFactoryBean : Initialized JPA EntityManagerFactory for persistence unit 'default'
2022-03-04 13:45:27.515  INFO 9644 --- [    Test worker] o.h.h.i.QueryTranslatorFactoryInitiator  : HHH000397: Using ASTQueryTranslatorFactory
2022-03-04 13:45:27.737  INFO 9644 --- [    Test worker] o.s.s.web.DefaultSecurityFilterChain     : Creating filter chain: any request, [org.springframework.security.web.context.request.async.WebAsyncManagerIntegrationFilter@128a41fa, org.springframework.security.web.context.SecurityContextPersistenceFilter@7110b1ca, org.springframework.security.web.header.HeaderWriterFilter@4c98d9c4, org.springframework.security.web.authentication.logout.LogoutFilter@36b6583a, org.springframework.security.oauth2.client.web.OAuth2AuthorizationRequestRedirectFilter@7f96d7e8, org.springframework.security.oauth2.client.web.OAuth2LoginAuthenticationFilter@71f2e4de, org.springframework.security.web.authentication.ui.DefaultLoginPageGeneratingFilter@42dc3f4a, org.springframework.security.web.authentication.ui.DefaultLogoutPageGeneratingFilter@69a80b9b, org.springframework.security.web.savedrequest.RequestCacheAwareFilter@26dc9c86, org.springframework.security.web.servletapi.SecurityContextHolderAwareRequestFilter@2c803760, org.springframework.security.web.authentication.AnonymousAuthenticationFilter@2048b8d1, org.springframework.security.web.session.SessionManagementFilter@3a0a9705, org.springframework.security.web.access.ExceptionTranslationFilter@3fdd08d6, org.springframework.security.web.access.intercept.FilterSecurityInterceptor@5b9409b1]
2022-03-04 13:45:27.998  INFO 9644 --- [    Test worker] o.s.s.concurrent.ThreadPoolTaskExecutor  : Initializing ExecutorService 'applicationTaskExecutor'
2022-03-04 13:45:28.023  WARN 9644 --- [    Test worker] aWebConfiguration$JpaWebMvcConfiguration : spring.jpa.open-in-view is enabled by default. Therefore, database queries may be performed during view rendering. Explicitly configure spring.jpa.open-in-view to disable this warning
2022-03-04 13:45:28.091  INFO 9644 --- [    Test worker] o.s.b.a.w.s.WelcomePageHandlerMapping    : Adding welcome page template: index
2022-03-04 13:45:28.430  INFO 9644 --- [    Test worker] s.a.ScheduledAnnotationBeanPostProcessor : No TaskScheduler/ScheduledExecutorService bean found for scheduled processing
2022-03-04 13:45:28.458  INFO 9644 --- [    Test worker] o.s.b.w.embedded.tomcat.TomcatWebServer  : Tomcat started on port(s): 62906 (http) with context path ''
2022-03-04 13:45:28.460  INFO 9644 --- [    Test worker] c.j.b.s.web.IndexControllerTest          : Started IndexControllerTest in 2.821 seconds (JVM running for 13.999)
2022-03-04 13:45:28.591  INFO 9644 --- [o-auto-1-exec-1] o.a.c.c.C.[Tomcat].[localhost].[/]       : Initializing Spring DispatcherServlet 'dispatcherServlet'
2022-03-04 13:45:28.592  INFO 9644 --- [o-auto-1-exec-1] o.s.web.servlet.DispatcherServlet        : Initializing Servlet 'dispatcherServlet'
2022-03-04 13:45:28.627  INFO 9644 --- [o-auto-1-exec-1] o.s.web.servlet.DispatcherServlet        : Completed initialization in 35 ms
Hibernate: select posts0_.id as id1_0_, posts0_.created_date as created_2_0_, posts0_.modified_date as modified3_0_, posts0_.author as author4_0_, posts0_.content as content5_0_, posts0_.title as title6_0_ from posts posts0_ order by posts0_.id DESC
]]></system-out>
  <system-err><![CDATA[]]></system-err>
</testsuite>
