<?xml version="1.0" encoding="UTF-8"?>
<testsuite name="com.jojoldu.book.springboot.web.HelloControllerTest" tests="2" skipped="0" failures="0" errors="0" timestamp="2022-03-04T04:45:25" hostname="DESKTOP-6KE3LPM" time="0.203">
  <properties/>
  <testcase name="hello가_리턴된다" classname="com.jojoldu.book.springboot.web.HelloControllerTest" time="0.095"/>
  <testcase name="helloDto가_리턴된다" classname="com.jojoldu.book.springboot.web.HelloControllerTest" time="0.108"/>
  <system-out><![CDATA[2022-03-04 13:45:24.164  INFO 9644 --- [    Test worker] .b.t.a.w.s.WebMvcTestContextBootstrapper : Neither @ContextConfiguration nor @ContextHierarchy found for test class [com.jojoldu.book.springboot.web.HelloControllerTest], using SpringBootContextLoader
2022-03-04 13:45:24.166  INFO 9644 --- [    Test worker] o.s.t.c.support.AbstractContextLoader    : Could not detect default resource locations for test class [com.jojoldu.book.springboot.web.HelloControllerTest]: no resource found for suffixes {-context.xml, Context.groovy}.
2022-03-04 13:45:24.166  INFO 9644 --- [    Test worker] t.c.s.AnnotationConfigContextLoaderUtils : Could not detect default configuration classes for test class [com.jojoldu.book.springboot.web.HelloControllerTest]: HelloControllerTest does not declare any static, non-private, non-final, nested classes annotated with @Configuration.
2022-03-04 13:45:24.203  INFO 9644 --- [    Test worker] .b.t.c.SpringBootTestContextBootstrapper : Found @SpringBootConfiguration com.jojoldu.book.springboot.Application for test class com.jojoldu.book.springboot.web.HelloControllerTest
2022-03-04 13:45:24.203  INFO 9644 --- [    Test worker] .b.t.a.w.s.WebMvcTestContextBootstrapper : Loaded default TestExecutionListener class names from location [META-INF/spring.factories]: [org.springframework.security.test.context.support.WithSecurityContextTestExecutionListener, org.springframework.security.test.context.support.ReactorContextTestExecutionListener, org.springframework.boot.test.autoconfigure.restdocs.RestDocsTestExecutionListener, org.springframework.boot.test.autoconfigure.web.client.MockRestServiceServerResetTestExecutionListener, org.springframework.boot.test.autoconfigure.web.servlet.MockMvcPrintOnlyOnFailureTestExecutionListener, org.springframework.boot.test.autoconfigure.web.servlet.WebDriverTestExecutionListener, org.springframework.boot.test.mock.mockito.MockitoTestExecutionListener, org.springframework.boot.test.mock.mockito.ResetMocksTestExecutionListener, org.springframework.test.context.web.ServletTestExecutionListener, org.springframework.test.context.support.DirtiesContextBeforeModesTestExecutionListener, org.springframework.test.context.support.DependencyInjectionTestExecutionListener, org.springframework.test.context.support.DirtiesContextTestExecutionListener, org.springframework.test.context.transaction.TransactionalTestExecutionListener, org.springframework.test.context.jdbc.SqlScriptsTestExecutionListener]
2022-03-04 13:45:24.205  INFO 9644 --- [    Test worker] .b.t.a.w.s.WebMvcTestContextBootstrapper : Using TestExecutionListeners: [org.springframework.test.context.web.ServletTestExecutionListener@1ad66a3c, org.springframework.test.context.support.DirtiesContextBeforeModesTestExecutionListener@307494be, org.springframework.boot.test.mock.mockito.MockitoTestExecutionListener@45d50f07, org.springframework.boot.test.autoconfigure.SpringBootDependencyInjectionTestExecutionListener@5afa6373, org.springframework.test.context.support.DirtiesContextTestExecutionListener@7354759a, org.springframework.test.context.transaction.TransactionalTestExecutionListener@6711de2a, org.springframework.test.context.jdbc.SqlScriptsTestExecutionListener@ad148f8, org.springframework.security.test.context.support.WithSecurityContextTestExecutionListener@339532a, org.springframework.security.test.context.support.ReactorContextTestExecutionListener@53910e72, org.springframework.boot.test.autoconfigure.restdocs.RestDocsTestExecutionListener@3a986aa4, org.springframework.boot.test.autoconfigure.web.client.MockRestServiceServerResetTestExecutionListener@3a8e6387, org.springframework.boot.test.autoconfigure.web.servlet.MockMvcPrintOnlyOnFailureTestExecutionListener@73e7c7ff, org.springframework.boot.test.autoconfigure.web.servlet.WebDriverTestExecutionListener@28dea56f, org.springframework.boot.test.mock.mockito.ResetMocksTestExecutionListener@516a279a]

  .   ____          _            __ _ _
 /\\ / ___'_ __ _ _(_)_ __  __ _ \ \ \ \
( ( )\___ | '_ | '_| | '_ \/ _` | \ \ \ \
 \\/  ___)| |_)| | | | | || (_| |  ) ) ) )
  '  |____| .__|_| |_|_| |_\__, | / / / /
 =========|_|==============|___/=/_/_/_/
 :: Spring Boot ::        (v2.1.7.RELEASE)

2022-03-04 13:45:24.255  INFO 9644 --- [    Test worker] c.j.b.s.web.HelloControllerTest          : Starting HelloControllerTest on DESKTOP-6KE3LPM with PID 9644 (started by ahndj in C:\intelij\freelec-springboot2-webservice)
2022-03-04 13:45:24.256  INFO 9644 --- [    Test worker] c.j.b.s.web.HelloControllerTest          : No active profile set, falling back to default profiles: default
2022-03-04 13:45:24.834  INFO 9644 --- [    Test worker] o.s.s.concurrent.ThreadPoolTaskExecutor  : Initializing ExecutorService 'applicationTaskExecutor'
2022-03-04 13:45:24.881  INFO 9644 --- [    Test worker] o.s.b.a.w.s.WelcomePageHandlerMapping    : Adding welcome page template: index
2022-03-04 13:45:25.134  INFO 9644 --- [    Test worker] .s.s.UserDetailsServiceAutoConfiguration : 

Using generated security password: 941865de-1299-4db0-be95-32b85051ac6d

2022-03-04 13:45:25.304  INFO 9644 --- [    Test worker] o.s.s.web.DefaultSecurityFilterChain     : Creating filter chain: any request, [org.springframework.security.web.context.request.async.WebAsyncManagerIntegrationFilter@11005dc5, org.springframework.security.web.context.SecurityContextPersistenceFilter@6cb709bc, org.springframework.security.web.header.HeaderWriterFilter@1a8cd84, org.springframework.security.web.csrf.CsrfFilter@22a5c48, org.springframework.security.web.authentication.logout.LogoutFilter@76bf46f1, org.springframework.security.web.authentication.UsernamePasswordAuthenticationFilter@4b57083d, org.springframework.security.web.authentication.ui.DefaultLoginPageGeneratingFilter@7c6d59d7, org.springframework.security.web.authentication.ui.DefaultLogoutPageGeneratingFilter@32b280b8, org.springframework.security.web.authentication.www.BasicAuthenticationFilter@5e44256a, org.springframework.security.web.savedrequest.RequestCacheAwareFilter@6ac0369a, org.springframework.security.web.servletapi.SecurityContextHolderAwareRequestFilter@2d4312ab, org.springframework.security.web.authentication.AnonymousAuthenticationFilter@4da29cf1, org.springframework.security.web.session.SessionManagementFilter@51b019e5, org.springframework.security.web.access.ExceptionTranslationFilter@70aedbf3, org.springframework.security.web.access.intercept.FilterSecurityInterceptor@7b3d47d0]
2022-03-04 13:45:25.348  INFO 9644 --- [    Test worker] o.s.b.t.m.w.SpringBootMockServletContext : Initializing Spring TestDispatcherServlet ''
2022-03-04 13:45:25.348  INFO 9644 --- [    Test worker] o.s.t.web.servlet.TestDispatcherServlet  : Initializing Servlet ''
2022-03-04 13:45:25.367  INFO 9644 --- [    Test worker] o.s.t.web.servlet.TestDispatcherServlet  : Completed initialization in 18 ms
2022-03-04 13:45:25.407  INFO 9644 --- [    Test worker] c.j.b.s.web.HelloControllerTest          : Started HelloControllerTest in 1.199 seconds (JVM running for 10.948)
]]></system-out>
  <system-err><![CDATA[]]></system-err>
</testsuite>
