<?xml version="1.0" encoding="UTF-8"?>
<testsuite name="com.jojoldu.book.springboot.web.ProfileControllerTest" tests="1" skipped="0" failures="0" errors="0" timestamp="2022-03-10T01:46:20" hostname="DESKTOP-6KE3LPM" time="0.019">
  <properties/>
  <testcase name="profile은_인증없이_호출된다" classname="com.jojoldu.book.springboot.web.ProfileControllerTest" time="0.019"/>
  <system-out><![CDATA[2022-03-10 10:46:20.221  INFO 18368 --- [    Test worker] .b.t.c.SpringBootTestContextBootstrapper : Neither @ContextConfiguration nor @ContextHierarchy found for test class [com.jojoldu.book.springboot.web.ProfileControllerTest], using SpringBootContextLoader
2022-03-10 10:46:20.222  INFO 18368 --- [    Test worker] o.s.t.c.support.AbstractContextLoader    : Could not detect default resource locations for test class [com.jojoldu.book.springboot.web.ProfileControllerTest]: no resource found for suffixes {-context.xml, Context.groovy}.
2022-03-10 10:46:20.223  INFO 18368 --- [    Test worker] t.c.s.AnnotationConfigContextLoaderUtils : Could not detect default configuration classes for test class [com.jojoldu.book.springboot.web.ProfileControllerTest]: ProfileControllerTest does not declare any static, non-private, non-final, nested classes annotated with @Configuration.
2022-03-10 10:46:20.225  INFO 18368 --- [    Test worker] .b.t.c.SpringBootTestContextBootstrapper : Found @SpringBootConfiguration com.jojoldu.book.springboot.Application for test class com.jojoldu.book.springboot.web.ProfileControllerTest
2022-03-10 10:46:20.226  INFO 18368 --- [    Test worker] .b.t.c.SpringBootTestContextBootstrapper : Loaded default TestExecutionListener class names from location [META-INF/spring.factories]: [org.springframework.security.test.context.support.WithSecurityContextTestExecutionListener, org.springframework.security.test.context.support.ReactorContextTestExecutionListener, org.springframework.boot.test.autoconfigure.restdocs.RestDocsTestExecutionListener, org.springframework.boot.test.autoconfigure.web.client.MockRestServiceServerResetTestExecutionListener, org.springframework.boot.test.autoconfigure.web.servlet.MockMvcPrintOnlyOnFailureTestExecutionListener, org.springframework.boot.test.autoconfigure.web.servlet.WebDriverTestExecutionListener, org.springframework.boot.test.mock.mockito.MockitoTestExecutionListener, org.springframework.boot.test.mock.mockito.ResetMocksTestExecutionListener, org.springframework.test.context.web.ServletTestExecutionListener, org.springframework.test.context.support.DirtiesContextBeforeModesTestExecutionListener, org.springframework.test.context.support.DependencyInjectionTestExecutionListener, org.springframework.test.context.support.DirtiesContextTestExecutionListener, org.springframework.test.context.transaction.TransactionalTestExecutionListener, org.springframework.test.context.jdbc.SqlScriptsTestExecutionListener]
2022-03-10 10:46:20.227  INFO 18368 --- [    Test worker] .b.t.c.SpringBootTestContextBootstrapper : Using TestExecutionListeners: [org.springframework.test.context.web.ServletTestExecutionListener@3782696f, org.springframework.test.context.support.DirtiesContextBeforeModesTestExecutionListener@1880d645, org.springframework.boot.test.mock.mockito.MockitoTestExecutionListener@47f19f7b, org.springframework.boot.test.autoconfigure.SpringBootDependencyInjectionTestExecutionListener@294fc64, org.springframework.test.context.support.DirtiesContextTestExecutionListener@26793448, org.springframework.test.context.transaction.TransactionalTestExecutionListener@3855ec3c, org.springframework.test.context.jdbc.SqlScriptsTestExecutionListener@7314b60a, org.springframework.security.test.context.support.WithSecurityContextTestExecutionListener@564603d0, org.springframework.security.test.context.support.ReactorContextTestExecutionListener@39f2b624, org.springframework.boot.test.autoconfigure.restdocs.RestDocsTestExecutionListener@2ed1992a, org.springframework.boot.test.autoconfigure.web.client.MockRestServiceServerResetTestExecutionListener@7823ce1c, org.springframework.boot.test.autoconfigure.web.servlet.MockMvcPrintOnlyOnFailureTestExecutionListener@1e9d0a4b, org.springframework.boot.test.autoconfigure.web.servlet.WebDriverTestExecutionListener@32f2dc2a, org.springframework.boot.test.mock.mockito.ResetMocksTestExecutionListener@10c80b97]
]]></system-out>
  <system-err><![CDATA[]]></system-err>
</testsuite>
